<?xml version="1.0" encoding="UTF-8"?>
<!-- Generated by org.testng.reporters.JUnitReportReporter -->
<testsuite hostname="DESKTOP-4HRJJAG" failures="0" tests="1" name="testScript.ManageFooterTest" time="7.631" errors="0" timestamp="2025-09-15T19:08:24 IST" skipped="0">
  <testcase classname="testScript.ManageFooterTest" name="editFooterTextInManageFooterText" time="7.631"/>
</testsuite> <!-- testScript.ManageFooterTest -->
