<?xml version="1.0" encoding="UTF-8"?>
<!-- Generated by org.testng.reporters.JUnitReportReporter -->
<testsuite hostname="DESKTOP-4HRJJAG" failures="0" tests="2" name="testScript.ManageNewsTest" time="9.865" errors="0" timestamp="2025-09-16T10:17:31 IST" skipped="0">
  <testcase classname="testScript.ManageNewsTest" name="addANewsInManageNewsTest" time="5.256"/>
  <testcase classname="testScript.ManageNewsTest" name="UpdateANewsInManageNewsTest" time="4.609"/>
</testsuite> <!-- testScript.ManageNewsTest -->
