<?xml version="1.0" encoding="UTF-8"?>
<!-- Generated by org.testng.reporters.JUnitReportReporter -->
<testsuite hostname="DESKTOP-4HRJJAG" failures="0" tests="2" name="testScript.AdminUsersTest" time="12.188" errors="0" timestamp="2025-09-15T18:20:41 IST" skipped="0">
  <testcase classname="testScript.AdminUsersTest" name="addANewadminInAdminUsersTest" time="6.111"/>
  <testcase classname="testScript.AdminUsersTest" name="updateDetailsOfAnExistingAdminInAdminUsersTest" time="6.077"/>
</testsuite> <!-- testScript.AdminUsersTest -->
