<?xml version="1.0" encoding="UTF-8"?>
<!-- Generated by org.testng.reporters.JUnitReportReporter -->
<testsuite hostname="DESKTOP-4HRJJAG" failures="0" tests="1" name="testScript.ManageNewsTest" time="8.404" errors="0" timestamp="2025-09-16T18:51:24 IST" skipped="0">
  <testcase classname="testScript.ManageNewsTest" name="verifyUserIsAbleToUpdateNewsInManageNews" time="8.404"/>
</testsuite> <!-- testScript.ManageNewsTest -->
