<?xml version="1.0" encoding="UTF-8"?>
<!-- Generated by org.testng.reporters.JUnitReportReporter -->
<testsuite hostname="DESKTOP-4HRJJAG" failures="0" tests="1" name="testScript.LogOutTest" time="5.233" errors="0" timestamp="2025-09-15T18:22:49 IST" skipped="0">
  <testcase classname="testScript.LogOutTest" name="logOutFromLoginTest" time="5.233"/>
</testsuite> <!-- testScript.LogOutTest -->
